output/config.json:
{
  "clients_dir": "output/clients",
  "no_ufw": false,
  "server": {
    "host": "hostname -i",
    "port": 51820,
    "subnet": "10.9.0.1/24",
    "interface": "wg0",
    "dns": [
      "1.1.1.1",
      "1.0.0.1"
    ],
    "private_key": "wg genkey",
    "public_key": "wg pubkey"
  },
  "clients": [
    {
      "name": "q3",
      "ip": "10.9.0.2",
      "public_key": "wg pubkey",
      "private_key": "wg genkey"
    },
    {
      "name": "q2",
      "ip": "10.9.0.3",
      "public_key": "wg pubkey",
      "private_key": "wg genkey"
    },
    {
      "name": "q1",
      "ip": "10.9.0.4",
      "public_key": "wg pubkey",
      "private_key": "wg genkey"
    }
  ]
}

res/etc/wireguard/wg0.conf:
[Interface]
Address = 10.9.0.1/24
PrivateKey = wg genkey
ListenPort = 51820

[Peer]
AllowedIPs = 10.9.0.2/32
PublicKey = wg pubkey

[Peer]
AllowedIPs = 10.9.0.3/32
PublicKey = wg pubkey

[Peer]
AllowedIPs = 10.9.0.4/32
PublicKey = wg pubkey


output/clients/q3.conf:
[Interface]
Address = 10.9.0.2
PrivateKey = wg genkey
DNS = 1.1.1.1, 1.0.0.1

[Peer]
Endpoint = hostname -i:51820
AllowedIPs = 0.0.0.0/0
PublicKey = wg pubkey


output/clients/q2.conf:
[Interface]
Address = 10.9.0.3
PrivateKey = wg genkey
DNS = 1.1.1.1, 1.0.0.1

[Peer]
Endpoint = hostname -i:51820
AllowedIPs = 0.0.0.0/0
PublicKey = wg pubkey


output/clients/q1.conf:
[Interface]
Address = 10.9.0.4
PrivateKey = wg genkey
DNS = 1.1.1.1, 1.0.0.1

[Peer]
Endpoint = hostname -i:51820
AllowedIPs = 0.0.0.0/0
PublicKey = wg pubkey


res/etc/sysctl.conf:
#
# /etc/sysctl.conf - Configuration file for setting system variables
# See /etc/sysctl.d/ for additional system variables.
# See sysctl.conf (5) for information.
#

#kernel.domainname = example.com

# Uncomment the following to stop low-level messages on console
#kernel.printk = 3 4 1 3

###################################################################
# Functions previously found in netbase
#

# Uncomment the next two lines to enable Spoof protection (reverse-path filter)
# Turn on Source Address Verification in all interfaces to
# prevent some spoofing attacks
#net.ipv4.conf.default.rp_filter=1
#net.ipv4.conf.all.rp_filter=1

# Uncomment the next line to enable TCP/IP SYN cookies
# See http://lwn.net/Articles/277146/
# Note: This may impact IPv6 TCP sessions too
#net.ipv4.tcp_syncookies=1

# Uncomment the next line to enable packet forwarding for IPv4
#net.ipv4.ip_forward=1

# Uncomment the next line to enable packet forwarding for IPv6
#  Enabling this option disables Stateless Address Autoconfiguration
#  based on Router Advertisements for this host
#net.ipv6.conf.all.forwarding=1


###################################################################
# Additional settings - these settings can improve the network
# security of the host and prevent against some network attacks
# including spoofing attacks and man in the middle attacks through
# redirection. Some network environments, however, require that these
# settings are disabled so review and enable them as needed.
#
# Do not accept ICMP redirects (prevent MITM attacks)
#net.ipv4.conf.all.accept_redirects = 0
#net.ipv6.conf.all.accept_redirects = 0
# _or_
# Accept ICMP redirects only for gateways listed in our default
# gateway list (enabled by default)
# net.ipv4.conf.all.secure_redirects = 1
#
# Do not send ICMP redirects (we are not a router)
#net.ipv4.conf.all.send_redirects = 0
#
# Do not accept IP source route packets (we are not a router)
#net.ipv4.conf.all.accept_source_route = 0
#net.ipv6.conf.all.accept_source_route = 0
#
# Log Martian Packets
#net.ipv4.conf.all.log_martians = 1
#

###################################################################
# Magic system request Key
# 0=disable, 1=enable all, >1 bitmask of sysrq functions
# See https://www.kernel.org/doc/html/latest/admin-guide/sysrq.html
# for what other values do
#kernel.sysrq=438
net.ipv4.ip_forward = 1


res/etc/ufw/before.rules.modified:
# BEGIN FREEDOMNET WG VPN UFW RULES #
*nat
:POSTROUTING ACCEPT [0:0]
-A POSTROUTING -s 10.9.0.0/8 -o eth0 -j MASQUERADE
COMMIT
# END FREEDOMNET WG VPN UFW RULES #
#
# rules.before
#
# Rules that should be run before the ufw command line added rules. Custom
# rules should be added to one of these chains:
#   ufw-before-input
#   ufw-before-output
#   ufw-before-forward
#

# Don't delete these required lines, otherwise there will be errors
*filter
:ufw-before-input - [0:0]
:ufw-before-output - [0:0]
:ufw-before-forward - [0:0]
:ufw-not-local - [0:0]
# End required lines


# allow all on loopback
-A ufw-before-input -i lo -j ACCEPT
-A ufw-before-output -o lo -j ACCEPT

# quickly process packets for which we already have a connection
-A ufw-before-input -m conntrack --ctstate RELATED,ESTABLISHED -j ACCEPT
-A ufw-before-output -m conntrack --ctstate RELATED,ESTABLISHED -j ACCEPT
-A ufw-before-forward -m conntrack --ctstate RELATED,ESTABLISHED -j ACCEPT

# drop INVALID packets (logs these in loglevel medium and higher)
-A ufw-before-input -m conntrack --ctstate INVALID -j ufw-logging-deny
-A ufw-before-input -m conntrack --ctstate INVALID -j DROP

# ok icmp codes for INPUT
-A ufw-before-input -p icmp --icmp-type destination-unreachable -j ACCEPT
-A ufw-before-input -p icmp --icmp-type time-exceeded -j ACCEPT
-A ufw-before-input -p icmp --icmp-type parameter-problem -j ACCEPT
-A ufw-before-input -p icmp --icmp-type echo-request -j ACCEPT

# ok icmp code for FORWARD
-A ufw-before-forward -p icmp --icmp-type destination-unreachable -j ACCEPT
-A ufw-before-forward -p icmp --icmp-type time-exceeded -j ACCEPT
-A ufw-before-forward -p icmp --icmp-type parameter-problem -j ACCEPT
-A ufw-before-forward -p icmp --icmp-type echo-request -j ACCEPT

# allow dhcp client to work
-A ufw-before-input -p udp --sport 67 --dport 68 -j ACCEPT

#
# ufw-not-local
#
-A ufw-before-input -j ufw-not-local

# if LOCAL, RETURN
-A ufw-not-local -m addrtype --dst-type LOCAL -j RETURN

# if MULTICAST, RETURN
-A ufw-not-local -m addrtype --dst-type MULTICAST -j RETURN

# if BROADCAST, RETURN
-A ufw-not-local -m addrtype --dst-type BROADCAST -j RETURN

# all other non-local packets are dropped
-A ufw-not-local -m limit --limit 3/min --limit-burst 10 -j ufw-logging-deny
-A ufw-not-local -j DROP

# allow MULTICAST mDNS for service discovery (be sure the MULTICAST line above
# is uncommented)
-A ufw-before-input -p udp -d 224.0.0.251 --dport 5353 -j ACCEPT

# allow MULTICAST UPnP for service discovery (be sure the MULTICAST line above
# is uncommented)
-A ufw-before-input -p udp -d 239.255.255.250 --dport 1900 -j ACCEPT

# don't delete the 'COMMIT' line or these rules won't be processed
COMMIT


res/etc/default/ufw:
# /etc/default/ufw
#

# Set to yes to apply rules to support IPv6 (no means only IPv6 on loopback
# accepted). You will need to 'disable' and then 'enable' the firewall for
# the changes to take affect.
IPV6=yes

# Set the default input policy to ACCEPT, DROP, or REJECT. Please note that if
# you change this you will most likely want to adjust your rules.
DEFAULT_INPUT_POLICY="DROP"

# Set the default output policy to ACCEPT, DROP, or REJECT. Please note that if
# you change this you will most likely want to adjust your rules.
DEFAULT_OUTPUT_POLICY="ACCEPT"

# Set the default forward policy to ACCEPT, DROP or REJECT.  Please note that
# if you change this you will most likely want to adjust your rules
DEFAULT_FORWARD_POLICY="ACCEPT"

# Set the default application policy to ACCEPT, DROP, REJECT or SKIP. Please
# note that setting this to ACCEPT may be a security risk. See 'man ufw' for
# details
DEFAULT_APPLICATION_POLICY="SKIP"

# By default, ufw only touches its own chains. Set this to 'yes' to have ufw
# manage the built-in chains too. Warning: setting this to 'yes' will break
# non-ufw managed firewall rules
MANAGE_BUILTINS=no

#
# IPT backend
#
# only enable if using iptables backend
IPT_SYSCTL=/etc/ufw/sysctl.conf

# Extra connection tracking modules to load. IPT_MODULES should typically be
# empty for new installations and modules added only as needed. See
# 'CONNECTION HELPERS' from 'man ufw-framework' for details. Complete list can
# be found in net/netfilter/Kconfig of your kernel source. Some common modules:
# nf_conntrack_irc, nf_nat_irc: DCC (Direct Client to Client) support
# nf_conntrack_netbios_ns: NetBIOS (samba) client support
# nf_conntrack_pptp, nf_nat_pptp: PPTP over stateful firewall/NAT
# nf_conntrack_ftp, nf_nat_ftp: active FTP support
# nf_conntrack_tftp, nf_nat_tftp: TFTP support (server side)
# nf_conntrack_sane: sane support
IPT_MODULES=""


